0 info it worked if it ends with ok
1 verbose cli [ 'C:\\Program Files\\nodejs\\node.exe',
1 verbose cli   'C:\\Program Files\\nodejs\\node_modules\\npm\\bin\\npm-cli.js',
1 verbose cli   'install',
1 verbose cli   'angular-toaster' ]
2 info using npm@2.15.9
3 info using node@v4.5.0
4 verbose install initial load of C:\dev\WheatherApp\package.json
5 warn package.json demo@1.0.0 No description
6 warn package.json demo@1.0.0 No repository field.
7 warn package.json demo@1.0.0 No README data
8 verbose installManyTop reading scoped package data from C:\dev\WheatherApp\node_modules\gulp\package.json
9 verbose installManyTop reading scoped package data from C:\dev\WheatherApp\node_modules\gulp-connect\package.json
10 verbose installManyTop reading scoped package data from C:\dev\WheatherApp\node_modules\gulp-inject\package.json
11 verbose installManyTop reading scoped package data from C:\dev\WheatherApp\node_modules\gulp-livereload\package.json
12 verbose installManyTop reading scoped package data from C:\dev\WheatherApp\node_modules\gulp-open\package.json
13 verbose installManyTop reading scoped package data from C:\dev\WheatherApp\node_modules\gulp-util\package.json
14 verbose installManyTop reading scoped package data from C:\dev\WheatherApp\node_modules\wiredep\package.json
15 verbose readDependencies loading dependencies from C:\dev\WheatherApp\package.json
16 silly cache add args [ 'angular-toaster', null ]
17 verbose cache add spec angular-toaster
18 silly cache add parsed spec Result {
18 silly cache add   raw: 'angular-toaster',
18 silly cache add   scope: null,
18 silly cache add   name: 'angular-toaster',
18 silly cache add   rawSpec: '',
18 silly cache add   spec: 'latest',
18 silly cache add   type: 'tag' }
19 silly addNamed angular-toaster@latest
20 verbose addNamed "latest" is being treated as a dist-tag for angular-toaster
21 info addNameTag [ 'angular-toaster', 'latest' ]
22 silly mapToRegistry name angular-toaster
23 silly mapToRegistry using default registry
24 silly mapToRegistry registry https://registry.npmjs.org/
25 silly mapToRegistry data Result {
25 silly mapToRegistry   raw: 'angular-toaster',
25 silly mapToRegistry   scope: null,
25 silly mapToRegistry   name: 'angular-toaster',
25 silly mapToRegistry   rawSpec: '',
25 silly mapToRegistry   spec: 'latest',
25 silly mapToRegistry   type: 'tag' }
26 silly mapToRegistry uri https://registry.npmjs.org/angular-toaster
27 verbose addNameTag registry:https://registry.npmjs.org/angular-toaster not in flight; fetching
28 verbose request uri https://registry.npmjs.org/angular-toaster
29 verbose request no auth needed
30 info attempt registry request try #1 at 11:22:23 PM
31 verbose request id 5bd99ded45d8480e
32 http request GET https://registry.npmjs.org/angular-toaster
33 http 404 https://registry.npmjs.org/angular-toaster
34 verbose headers { 'content-type': 'application/json',
34 verbose headers   'cache-control': 'max-age=0',
34 verbose headers   'content-length': '2',
34 verbose headers   'accept-ranges': 'bytes',
34 verbose headers   date: 'Thu, 06 Oct 2016 06:22:22 GMT',
34 verbose headers   via: '1.1 varnish',
34 verbose headers   age: '0',
34 verbose headers   connection: 'keep-alive',
34 verbose headers   'x-served-by': 'cache-lax8633-LAX',
34 verbose headers   'x-cache': 'MISS',
34 verbose headers   'x-cache-hits': '0',
34 verbose headers   'x-timer': 'S1475734942.021082,VS0,VE98',
34 verbose headers   vary: 'Accept-Encoding' }
35 silly get cb [ 404,
35 silly get   { 'content-type': 'application/json',
35 silly get     'cache-control': 'max-age=0',
35 silly get     'content-length': '2',
35 silly get     'accept-ranges': 'bytes',
35 silly get     date: 'Thu, 06 Oct 2016 06:22:22 GMT',
35 silly get     via: '1.1 varnish',
35 silly get     age: '0',
35 silly get     connection: 'keep-alive',
35 silly get     'x-served-by': 'cache-lax8633-LAX',
35 silly get     'x-cache': 'MISS',
35 silly get     'x-cache-hits': '0',
35 silly get     'x-timer': 'S1475734942.021082,VS0,VE98',
35 silly get     vary: 'Accept-Encoding' } ]
36 verbose stack Error: Registry returned 404 for GET on https://registry.npmjs.org/angular-toaster
36 verbose stack     at makeError (C:\Program Files\nodejs\node_modules\npm\node_modules\npm-registry-client\lib\request.js:264:12)
36 verbose stack     at CachingRegistryClient.<anonymous> (C:\Program Files\nodejs\node_modules\npm\node_modules\npm-registry-client\lib\request.js:242:14)
36 verbose stack     at Request._callback (C:\Program Files\nodejs\node_modules\npm\node_modules\npm-registry-client\lib\request.js:172:14)
36 verbose stack     at Request.self.callback (C:\Program Files\nodejs\node_modules\npm\node_modules\request\request.js:200:22)
36 verbose stack     at emitTwo (events.js:87:13)
36 verbose stack     at Request.emit (events.js:172:7)
36 verbose stack     at Request.<anonymous> (C:\Program Files\nodejs\node_modules\npm\node_modules\request\request.js:1067:10)
36 verbose stack     at emitOne (events.js:82:20)
36 verbose stack     at Request.emit (events.js:169:7)
36 verbose stack     at IncomingMessage.<anonymous> (C:\Program Files\nodejs\node_modules\npm\node_modules\request\request.js:988:12)
37 verbose statusCode 404
38 verbose pkgid angular-toaster
39 verbose cwd C:\dev\WheatherApp
40 error Windows_NT 6.1.7601
41 error argv "C:\\Program Files\\nodejs\\node.exe" "C:\\Program Files\\nodejs\\node_modules\\npm\\bin\\npm-cli.js" "install" "angular-toaster"
42 error node v4.5.0
43 error npm  v2.15.9
44 error code E404
45 error 404 Registry returned 404 for GET on https://registry.npmjs.org/angular-toaster
45 error 404
45 error 404 'angular-toaster' is not in the npm registry.
45 error 404 You should bug the author to publish it (or use the name yourself!)
45 error 404 It was specified as a dependency of 'demo'
45 error 404
45 error 404 Note that you can also install from a
45 error 404 tarball, folder, http url, or git url.
46 verbose exit [ 1, true ]
